=== Total Recall Checkpoint 23 Şub 2026 Pzt PST 14:31:02 ===
Checking critical files...
✓ MEMORY.md
✓ USER.md
✓ SOUL.md
✓ active-tasks.md
✓ main-session-latest.md
Disk usage: 75%
Handoff age: 0 minutes
Inbox items:        0
=== Total Recall Checkpoint 23 Şub 2026 Pzt PST 14:31:25 ===
Checking critical files...
✓ MEMORY.md
✓ USER.md
✓ SOUL.md
✓ active-tasks.md
✓ main-session-latest.md
Disk usage: 75%
Handoff age: 0 minutes
Inbox items:        0
=== Total Recall Checkpoint 23 Şub 2026 Pzt PST 14:31:50 ===
Checking critical files...
✓ MEMORY.md
✓ USER.md
✓ SOUL.md
✓ active-tasks.md
✓ main-session-latest.md
Disk usage: 75%
Handoff age: 1 minutes
Inbox items:        0
✓ Checkpoint saved
=== Checkpoint Complete ===

=== Total Recall Checkpoint 23 Şub 2026 Pzt PST 22:13:35 ===
Checking critical files...
✓ MEMORY.md
✓ USER.md
✓ SOUL.md
✓ active-tasks.md
✓ main-session-latest.md
Disk usage: 75%
Handoff age: 461 minutes
Inbox items:        0
✓ Checkpoint saved
=== Checkpoint Complete ===

=== Total Recall Checkpoint Tue Feb 24 23:16:03 PST 2026 ===
Checking critical files...
✓ MEMORY.md
✓ USER.md
✓ SOUL.md
✓ active-tasks.md
✓ main-session-latest.md
Disk usage: 75%
Handoff age: 1963 minutes
Inbox items:        0
✓ Checkpoint saved
=== Checkpoint Complete ===

=== Total Recall Checkpoint Wed Feb 25 06:55:23 PST 2026 ===
Checking critical files...
✓ MEMORY.md
✓ USER.md
✓ SOUL.md
✓ active-tasks.md
✓ main-session-latest.md
Disk usage: 75%
Handoff age: 2423 minutes
Inbox items:        0
✓ Checkpoint saved
=== Checkpoint Complete ===

=== Total Recall Checkpoint Wed Feb 25 08:56:32 PST 2026 ===
Checking critical files...
✓ MEMORY.md
✓ USER.md
✓ SOUL.md
✓ active-tasks.md
✓ main-session-latest.md
Disk usage: 75%
Handoff age: 2544 minutes
Inbox items:        0
✓ Checkpoint saved
=== Checkpoint Complete ===

=== Total Recall Checkpoint Wed Feb 25 09:26:12 PST 2026 ===
Checking critical files...
✓ MEMORY.md
✓ USER.md
✓ SOUL.md
✓ active-tasks.md
✓ main-session-latest.md
Disk usage: 75%
Handoff age: 2574 minutes
Inbox items:        0
✓ Checkpoint saved
=== Checkpoint Complete ===

=== Total Recall Checkpoint Wed Feb 25 10:56:08 PST 2026 ===
Checking critical files...
✓ MEMORY.md
✓ USER.md
✓ SOUL.md
✓ active-tasks.md
✓ main-session-latest.md
Disk usage: 75%
Handoff age: 2664 minutes
Inbox items:        0
✓ Checkpoint saved
=== Checkpoint Complete ===

=== Total Recall Checkpoint Thu Feb 26 02:14:27 PST 2026 ===
Checking critical files...
✓ MEMORY.md
✓ USER.md
✓ SOUL.md
✓ active-tasks.md
✓ main-session-latest.md
Disk usage: 78%
Handoff age: 3582 minutes
Inbox items:        0
✓ Checkpoint saved
=== Checkpoint Complete ===

=== Total Recall Checkpoint Thu Feb 26 06:16:14 PST 2026 ===
Checking critical files...
✓ MEMORY.md
✓ USER.md
✓ SOUL.md
✓ active-tasks.md
✓ main-session-latest.md
Disk usage: 78%
Handoff age: 3824 minutes
Inbox items:        0
✓ Checkpoint saved
=== Checkpoint Complete ===

=== Total Recall Checkpoint Sat Feb 28 23:52:08 PST 2026 ===
Checking critical files...
✓ MEMORY.md
✓ USER.md
✓ SOUL.md
✓ active-tasks.md
✓ main-session-latest.md
Disk usage: 78%
Handoff age: 7760 minutes
Inbox items:        0
✓ Checkpoint saved
=== Checkpoint Complete ===

=== Total Recall Checkpoint Sat Feb 28 23:52:59 PST 2026 ===
Checking critical files...
✓ MEMORY.md
✓ USER.md
✓ SOUL.md
✓ active-tasks.md
✓ main-session-latest.md
Disk usage: 78%
Handoff age: 7760 minutes
Inbox items:        0
✓ Checkpoint saved
=== Checkpoint Complete ===

=== Total Recall Checkpoint Sun Mar  1 00:23:12 PST 2026 ===
Checking critical files...
✓ MEMORY.md
✓ USER.md
✓ SOUL.md
✓ active-tasks.md
✓ main-session-latest.md
Disk usage: 78%
Handoff age: 7791 minutes
Inbox items:        0
✓ Checkpoint saved
=== Checkpoint Complete ===

